0 info it worked if it ends with ok
1 verbose cli [ '/usr/bin/node', '/usr/bin/npm', 'install', 'tudurom/mark' ]
2 info using npm@3.8.6
3 info using node@v6.0.0
4 silly loadCurrentTree Starting
5 silly install loadCurrentTree
6 silly install readLocalPackageData
7 silly fetchPackageMetaData tudurom/mark
8 silly fetchOtherPackageData tudurom/mark
9 silly cache add args [ 'tudurom/mark', null ]
10 verbose cache add spec tudurom/mark
11 silly cache add parsed spec Result {
11 silly cache add   raw: 'tudurom/mark',
11 silly cache add   scope: null,
11 silly cache add   name: null,
11 silly cache add   rawSpec: 'tudurom/mark',
11 silly cache add   spec: 'github:tudurom/mark',
11 silly cache add   type: 'hosted',
11 silly cache add   hosted:
11 silly cache add    { type: 'github',
11 silly cache add      ssh: 'git@github.com:tudurom/mark.git',
11 silly cache add      sshUrl: 'git+ssh://git@github.com/tudurom/mark.git',
11 silly cache add      httpsUrl: 'git+https://github.com/tudurom/mark.git',
11 silly cache add      gitUrl: 'git://github.com/tudurom/mark.git',
11 silly cache add      shortcut: 'github:tudurom/mark',
11 silly cache add      directUrl: 'https://raw.githubusercontent.com/tudurom/mark/master/package.json' } }
12 verbose addRemoteGit caching tudurom/mark
13 verbose addRemoteGit tudurom/mark is a repository hosted by github
14 silly tryGitProto attempting to clone git://github.com/tudurom/mark.git
15 silly tryClone cloning tudurom/mark via git://github.com/tudurom/mark.git
16 verbose tryClone git-github-com-tudurom-mark-git-05e1c6ec not in flight; caching
17 verbose correctMkdir /home/tudurom/.npm/_git-remotes correctMkdir not in flight; initializing
18 info git [ 'clone',
18 info git   '--template=/home/tudurom/.npm/_git-remotes/_templates',
18 info git   '--mirror',
18 info git   'git://github.com/tudurom/mark.git',
18 info git   '/home/tudurom/.npm/_git-remotes/git-github-com-tudurom-mark-git-05e1c6ec' ]
19 verbose mirrorRemote tudurom/mark git clone git://github.com/tudurom/mark.git
20 verbose correctMkdir /home/tudurom/.npm/_git-remotes correctMkdir not in flight; initializing
21 verbose setPermissions tudurom/mark set permissions on /home/tudurom/.npm/_git-remotes/git-github-com-tudurom-mark-git-05e1c6ec
22 verbose resolveHead tudurom/mark original treeish: master
23 info git [ 'rev-list', '-n1', 'master' ]
24 silly resolveHead tudurom/mark resolved treeish: f91a62908fa319bfa96004a0d47ea94b98c4b8df
25 verbose resolveHead tudurom/mark resolved Git URL: git://github.com/tudurom/mark.git#f91a62908fa319bfa96004a0d47ea94b98c4b8df
26 silly resolveHead Git working directory: /tmp/npm-4645-f2dad935/git-cache-df97f608/f91a62908fa319bfa96004a0d47ea94b98c4b8df
27 info git [ 'clone',
27 info git   '/home/tudurom/.npm/_git-remotes/git-github-com-tudurom-mark-git-05e1c6ec',
27 info git   '/tmp/npm-4645-f2dad935/git-cache-df97f608/f91a62908fa319bfa96004a0d47ea94b98c4b8df' ]
28 verbose cloneResolved tudurom/mark clone Cloning into '/tmp/npm-4645-f2dad935/git-cache-df97f608/f91a62908fa319bfa96004a0d47ea94b98c4b8df'...
28 verbose cloneResolved done.
29 info git [ 'checkout', 'f91a62908fa319bfa96004a0d47ea94b98c4b8df' ]
30 verbose checkoutTreeish tudurom/mark checkout Note: checking out 'f91a62908fa319bfa96004a0d47ea94b98c4b8df'.
30 verbose checkoutTreeish
30 verbose checkoutTreeish You are in 'detached HEAD' state. You can look around, make experimental
30 verbose checkoutTreeish changes and commit them, and you can discard any commits you make in this
30 verbose checkoutTreeish state without impacting any branches by performing another checkout.
30 verbose checkoutTreeish
30 verbose checkoutTreeish If you want to create a new branch to retain commits you create, you may
30 verbose checkoutTreeish do so (now or later) by using -b with the checkout command again. Example:
30 verbose checkoutTreeish
30 verbose checkoutTreeish   git checkout -b <new-branch-name>
30 verbose checkoutTreeish
30 verbose checkoutTreeish HEAD is now at f91a629... add: error handling
31 info git [ 'submodule', '-q', 'update', '--init', '--recursive' ]
32 error git submodule -q update --init --recursive: git: 'submodule' is not a git command. See 'git --help'.
33 silly tryHTTPS attempting to clone git+https://github.com/tudurom/mark.git
34 silly tryClone cloning tudurom/mark via git+https://github.com/tudurom/mark.git
35 verbose tryClone git-https-github-com-tudurom-mark-git-6b4dcc67 not in flight; caching
36 verbose correctMkdir /home/tudurom/.npm/_git-remotes correctMkdir not in flight; initializing
37 info git [ 'config', '--get', 'remote.origin.url' ]
38 silly validateExistingRemote tudurom/mark remote.origin.url: https://github.com/tudurom/mark.git
39 verbose validateExistingRemote tudurom/mark is updating existing cached remote /home/tudurom/.npm/_git-remotes/git-https-github-com-tudurom-mark-git-6b4dcc67
40 info git [ 'fetch', '-a', 'origin' ]
41 verbose updateRemote git fetch -a origin (https://github.com/tudurom/mark.git)
42 verbose correctMkdir /home/tudurom/.npm/_git-remotes correctMkdir not in flight; initializing
43 verbose setPermissions tudurom/mark set permissions on /home/tudurom/.npm/_git-remotes/git-https-github-com-tudurom-mark-git-6b4dcc67
44 verbose resolveHead tudurom/mark original treeish: master
45 info git [ 'rev-list', '-n1', 'master' ]
46 silly resolveHead tudurom/mark resolved treeish: f91a62908fa319bfa96004a0d47ea94b98c4b8df
47 verbose resolveHead tudurom/mark resolved Git URL: git+https://github.com/tudurom/mark.git#f91a62908fa319bfa96004a0d47ea94b98c4b8df
48 silly resolveHead Git working directory: /tmp/npm-4645-f2dad935/git-cache-077c5865/f91a62908fa319bfa96004a0d47ea94b98c4b8df
49 info git [ 'clone',
49 info git   '/home/tudurom/.npm/_git-remotes/git-https-github-com-tudurom-mark-git-6b4dcc67',
49 info git   '/tmp/npm-4645-f2dad935/git-cache-077c5865/f91a62908fa319bfa96004a0d47ea94b98c4b8df' ]
50 verbose cloneResolved tudurom/mark clone Cloning into '/tmp/npm-4645-f2dad935/git-cache-077c5865/f91a62908fa319bfa96004a0d47ea94b98c4b8df'...
50 verbose cloneResolved done.
51 info git [ 'checkout', 'f91a62908fa319bfa96004a0d47ea94b98c4b8df' ]
52 verbose checkoutTreeish tudurom/mark checkout Note: checking out 'f91a62908fa319bfa96004a0d47ea94b98c4b8df'.
52 verbose checkoutTreeish
52 verbose checkoutTreeish You are in 'detached HEAD' state. You can look around, make experimental
52 verbose checkoutTreeish changes and commit them, and you can discard any commits you make in this
52 verbose checkoutTreeish state without impacting any branches by performing another checkout.
52 verbose checkoutTreeish
52 verbose checkoutTreeish If you want to create a new branch to retain commits you create, you may
52 verbose checkoutTreeish do so (now or later) by using -b with the checkout command again. Example:
52 verbose checkoutTreeish
52 verbose checkoutTreeish   git checkout -b <new-branch-name>
52 verbose checkoutTreeish
52 verbose checkoutTreeish HEAD is now at f91a629... add: error handling
53 info git [ 'submodule', '-q', 'update', '--init', '--recursive' ]
54 error git submodule -q update --init --recursive: git: 'submodule' is not a git command. See 'git --help'.
55 silly trySSH attempting to clone git@github.com:tudurom/mark.git
56 silly tryClone cloning tudurom/mark via git@github.com:tudurom/mark.git
57 verbose tryClone git-github-com-tudurom-mark-git-1dab0b8e not in flight; caching
58 verbose correctMkdir /home/tudurom/.npm/_git-remotes correctMkdir not in flight; initializing
59 info git [ 'clone',
59 info git   '--template=/home/tudurom/.npm/_git-remotes/_templates',
59 info git   '--mirror',
59 info git   'git@github.com:tudurom/mark.git',
59 info git   '/home/tudurom/.npm/_git-remotes/git-github-com-tudurom-mark-git-1dab0b8e' ]
60 error git clone --template=/home/tudurom/.npm/_git-remotes/_templates --mirror git@github.com:tudurom/mark.git /home/tudurom/.npm/_git-remotes/git-github-com-tudurom-mark-git-1dab0b8e: Cloning into bare repository '/home/tudurom/.npm/_git-remotes/git-github-com-tudurom-mark-git-1dab0b8e'...
60 error git clone --template=/home/tudurom/.npm/_git-remotes/_templates --mirror git@github.com:tudurom/mark.git /home/tudurom/.npm/_git-remotes/git-github-com-tudurom-mark-git-1dab0b8e: Warning: Permanently added 'github.com,192.30.252.131' (RSA) to the list of known hosts.
60 error git clone --template=/home/tudurom/.npm/_git-remotes/_templates --mirror git@github.com:tudurom/mark.git /home/tudurom/.npm/_git-remotes/git-github-com-tudurom-mark-git-1dab0b8e: Permission denied (publickey).
60 error git clone --template=/home/tudurom/.npm/_git-remotes/_templates --mirror git@github.com:tudurom/mark.git /home/tudurom/.npm/_git-remotes/git-github-com-tudurom-mark-git-1dab0b8e: fatal: Could not read from remote repository.
60 error git clone --template=/home/tudurom/.npm/_git-remotes/_templates --mirror git@github.com:tudurom/mark.git /home/tudurom/.npm/_git-remotes/git-github-com-tudurom-mark-git-1dab0b8e:
60 error git clone --template=/home/tudurom/.npm/_git-remotes/_templates --mirror git@github.com:tudurom/mark.git /home/tudurom/.npm/_git-remotes/git-github-com-tudurom-mark-git-1dab0b8e: Please make sure you have the correct access rights
60 error git clone --template=/home/tudurom/.npm/_git-remotes/_templates --mirror git@github.com:tudurom/mark.git /home/tudurom/.npm/_git-remotes/git-github-com-tudurom-mark-git-1dab0b8e: and the repository exists.
61 silly fetchPackageMetaData Error: Command failed: git clone --template=/home/tudurom/.npm/_git-remotes/_templates --mirror git@github.com:tudurom/mark.git /home/tudurom/.npm/_git-remotes/git-github-com-tudurom-mark-git-1dab0b8e
61 silly fetchPackageMetaData Cloning into bare repository '/home/tudurom/.npm/_git-remotes/git-github-com-tudurom-mark-git-1dab0b8e'...
61 silly fetchPackageMetaData Warning: Permanently added 'github.com,192.30.252.131' (RSA) to the list of known hosts.
61 silly fetchPackageMetaData Permission denied (publickey).
61 silly fetchPackageMetaData fatal: Could not read from remote repository.
61 silly fetchPackageMetaData
61 silly fetchPackageMetaData Please make sure you have the correct access rights
61 silly fetchPackageMetaData and the repository exists.
61 silly fetchPackageMetaData
61 silly fetchPackageMetaData     at ChildProcess.exithandler (child_process.js:202:12)
61 silly fetchPackageMetaData     at emitTwo (events.js:106:13)
61 silly fetchPackageMetaData     at ChildProcess.emit (events.js:191:7)
61 silly fetchPackageMetaData     at maybeClose (internal/child_process.js:850:16)
61 silly fetchPackageMetaData     at Process.ChildProcess._handle.onexit (internal/child_process.js:215:5)
61 silly fetchPackageMetaData  error for tudurom/mark { Error: Command failed: git clone --template=/home/tudurom/.npm/_git-remotes/_templates --mirror git@github.com:tudurom/mark.git /home/tudurom/.npm/_git-remotes/git-github-com-tudurom-mark-git-1dab0b8e
61 silly fetchPackageMetaData Cloning into bare repository '/home/tudurom/.npm/_git-remotes/git-github-com-tudurom-mark-git-1dab0b8e'...
61 silly fetchPackageMetaData Warning: Permanently added 'github.com,192.30.252.131' (RSA) to the list of known hosts.
61 silly fetchPackageMetaData Permission denied (publickey).
61 silly fetchPackageMetaData fatal: Could not read from remote repository.
61 silly fetchPackageMetaData
61 silly fetchPackageMetaData Please make sure you have the correct access rights
61 silly fetchPackageMetaData and the repository exists.
61 silly fetchPackageMetaData
61 silly fetchPackageMetaData     at ChildProcess.exithandler (child_process.js:202:12)
61 silly fetchPackageMetaData     at emitTwo (events.js:106:13)
61 silly fetchPackageMetaData     at ChildProcess.emit (events.js:191:7)
61 silly fetchPackageMetaData     at maybeClose (internal/child_process.js:850:16)
61 silly fetchPackageMetaData     at Process.ChildProcess._handle.onexit (internal/child_process.js:215:5)
61 silly fetchPackageMetaData   killed: false,
61 silly fetchPackageMetaData   code: 128,
61 silly fetchPackageMetaData   signal: null,
61 silly fetchPackageMetaData   cmd: 'git clone --template=/home/tudurom/.npm/_git-remotes/_templates --mirror git@github.com:tudurom/mark.git /home/tudurom/.npm/_git-remotes/git-github-com-tudurom-mark-git-1dab0b8e' }
62 silly rollbackFailedOptional Starting
63 silly rollbackFailedOptional Finishing
64 silly runTopLevelLifecycles Starting
65 silly runTopLevelLifecycles Finishing
66 silly install printInstalled
67 verbose stack Error: Command failed: git clone --template=/home/tudurom/.npm/_git-remotes/_templates --mirror git@github.com:tudurom/mark.git /home/tudurom/.npm/_git-remotes/git-github-com-tudurom-mark-git-1dab0b8e
67 verbose stack Cloning into bare repository '/home/tudurom/.npm/_git-remotes/git-github-com-tudurom-mark-git-1dab0b8e'...
67 verbose stack Warning: Permanently added 'github.com,192.30.252.131' (RSA) to the list of known hosts.
67 verbose stack Permission denied (publickey).
67 verbose stack fatal: Could not read from remote repository.
67 verbose stack
67 verbose stack Please make sure you have the correct access rights
67 verbose stack and the repository exists.
67 verbose stack
67 verbose stack     at ChildProcess.exithandler (child_process.js:202:12)
67 verbose stack     at emitTwo (events.js:106:13)
67 verbose stack     at ChildProcess.emit (events.js:191:7)
67 verbose stack     at maybeClose (internal/child_process.js:850:16)
67 verbose stack     at Process.ChildProcess._handle.onexit (internal/child_process.js:215:5)
68 verbose cwd /srv/http/blog/build
69 error Linux 4.1.19_1
70 error argv "/usr/bin/node" "/usr/bin/npm" "install" "tudurom/mark"
71 error node v6.0.0
72 error npm  v3.8.6
73 error code 128
74 error Command failed: git clone --template=/home/tudurom/.npm/_git-remotes/_templates --mirror git@github.com:tudurom/mark.git /home/tudurom/.npm/_git-remotes/git-github-com-tudurom-mark-git-1dab0b8e
74 error Cloning into bare repository '/home/tudurom/.npm/_git-remotes/git-github-com-tudurom-mark-git-1dab0b8e'...
74 error Warning: Permanently added 'github.com,192.30.252.131' (RSA) to the list of known hosts.
74 error Permission denied (publickey).
74 error fatal: Could not read from remote repository.
74 error
74 error Please make sure you have the correct access rights
74 error and the repository exists.
75 error If you need help, you may report this error at:
75 error     <https://github.com/npm/npm/issues>
76 verbose exit [ 1, true ]
